appbarBasic2021_2/build/intermediates/manifest_merge_blame_file/debug/manifest-merger-blame-debug-report.txt
1<?xml version="1.0" encoding="utf-8"?>
2<manifest xmlns:android="http://schemas.android.com/apk/res/android"
3    package="no.hin.dt.appbarbasic1"
4    android:versionCode="1"
5    android:versionName="1.0" >
6
7    <uses-sdk
8        android:minSdkVersion="24"
8-->src\main\AndroidManifest.xml
9        android:targetSdkVersion="30" />
9-->src\main\AndroidManifest.xml
10
11    <application
11-->src\main\AndroidManifest.xml:8:5-32:19
12        android:allowBackup="true"
12-->src\main\AndroidManifest.xml:9:9-35
13        android:appComponentFactory="androidx.core.app.CoreComponentFactory"
13-->[androidx.core:core:1.3.1] AndroidManifest.xml:24:18-86
14        android:debuggable="true"
15        android:extractNativeLibs="false"
16        android:icon="@drawable/ic_launcher"
16-->src\main\AndroidManifest.xml:10:9-45
17        android:label="@string/app_name"
17-->src\main\AndroidManifest.xml:11:9-41
18        android:theme="@style/AppTheme" >
18-->src\main\AndroidManifest.xml:12:9-40
19        <activity
19-->src\main\AndroidManifest.xml:14:9-21:20
20            android:name="dt.hin.no.MainActivity"
20-->src\main\AndroidManifest.xml:15:13-41
21            android:label="@string/app_name" >
21-->src\main\AndroidManifest.xml:16:13-45
22            <intent-filter>
22-->src\main\AndroidManifest.xml:17:13-20:29
23                <action android:name="android.intent.action.MAIN" />
23-->src\main\AndroidManifest.xml:18:17-69
23-->src\main\AndroidManifest.xml:18:25-66
24
25                <category android:name="android.intent.category.LAUNCHER" />
25-->src\main\AndroidManifest.xml:19:17-77
25-->src\main\AndroidManifest.xml:19:27-74
26            </intent-filter>
27        </activity>
28        <activity
28-->src\main\AndroidManifest.xml:22:9-31:20
29            android:name="dt.hin.no.AddActivity"
29-->src\main\AndroidManifest.xml:23:13-40
30            android:label="@string/title_activity_child"
30-->src\main\AndroidManifest.xml:24:13-57
31            android:parentActivityName="dt.hin.no.MainActivity"
31-->src\main\AndroidManifest.xml:26:13-55
32            android:theme="@style/AppTheme" >
32-->src\main\AndroidManifest.xml:25:13-44
33
34            <!-- Parent activity meta-data to support 4.0 and lower -->
35            <meta-data
35-->src\main\AndroidManifest.xml:28:13-30:49
36                android:name="android.support.PARENT_ACTIVITY"
36-->src\main\AndroidManifest.xml:29:17-63
37                android:value=".MainActivity" />
37-->src\main\AndroidManifest.xml:30:17-46
38        </activity>
39    </application>
40
41</manifest>